number,value,params_bb_k,params_bb_window,params_ema_fast,params_ema_gap,params_m_sl,params_m_tp,params_max_hold,params_rsi_lower,params_rsi_upper,params_rsi_window,user_attrs_n_operaciones,activo
0,-1000000000.0,2.5045041537562076,29,21,72,1.4439594054448004,1.5867307842144016,18,27,65,28,0,NVDA
1,-1000000000.0,2.2452401827876898,12,28,21,2.2275727255464277,2.7568150465272,27,22,69,16,0,NVDA
2,-1000000000.0,2.1810766644858286,18,24,15,3.088571168303159,2.8051052128906795,8,21,70,7,1,NVDA
3,-1000000000.0,2.5270844146540763,34,20,60,2.4888462760158188,2.629215671133692,32,40,66,7,4,NVDA
4,-1000000000.0,2.3135611102871154,12,17,80,2.030058214545331,3.265443694488835,16,29,65,24,0,NVDA
5,-1000000000.0,1.5465295763546814,17,19,94,2.871972522810434,4.075055134398959,7,33,75,28,3,NVDA
6,-1000000000.0,2.6927362565333812,13,28,24,3.3044036710770053,3.1890592774356117,10,36,65,9,2,NVDA
7,-1000000000.0,2.36708700616526,14,28,23,2.7288270277739852,2.2451149741654524,34,20,78,12,0,NVDA
8,-1000000000.0,2.8056246610791726,24,7,80,2.907614542523247,4.163351192865257,35,23,74,25,0,NVDA
9,-1000000000.0,2.625216775491836,25,17,40,2.2476659871331828,1.3146275329552328,6,37,60,18,0,NVDA
10,-1000000000.0,1.9726484489102272,19,10,12,1.4403437695047814,2.8822530904098524,16,28,69,24,0,NVDA
11,-1000000000.0,2.91905342969394,16,23,74,1.8735729144669295,1.9995244638233687,38,35,73,26,0,NVDA
12,-1000000000.0,2.921644902300561,40,29,24,1.4705202889888347,5.052088185497771,15,29,63,16,0,NVDA
13,-1000000000.0,2.6858419102856823,38,21,27,1.7695069011159408,5.869589781400946,36,29,80,18,0,NVDA
14,-1000000000.0,2.758582052596711,33,5,55,2.6503923682088013,4.731596418750613,32,39,67,10,1,NVDA
15,-1000000000.0,1.5873120528144706,24,11,50,1.1527706872578918,1.3809251607609176,23,34,67,19,2,NVDA
16,-1000000000.0,2.2964282515550156,15,5,42,3.513082293895753,1.3772218007249268,30,29,78,11,0,NVDA
17,-1000000000.0,2.8494999324813413,24,27,11,2.945823144642852,3.669359668438889,34,26,74,20,0,NVDA
18,-1000000000.0,2.859347077734715,31,9,11,2.1417910843200074,1.5514295138750285,15,38,74,15,0,NVDA
19,-1000000000.0,1.6162584423768742,33,23,84,1.9382854089255628,3.656024929311132,19,30,78,13,1,NVDA
20,-1000000000.0,2.301618636714748,14,21,90,1.9374486875168502,5.1159889487109,33,24,66,23,0,NVDA
21,-1000000000.0,1.926476660455451,16,20,44,3.3287298279570168,1.4640154626975568,18,27,65,13,1,NVDA
22,-1000000000.0,1.8298440500956596,14,22,26,3.4297423648097207,1.5656426759470423,28,31,68,26,4,NVDA
23,-1000000000.0,2.9097230957201106,30,27,57,2.3035986760569958,5.115887227754945,28,26,76,18,0,NVDA
24,-1000000000.0,1.5693998480955322,31,18,88,1.6090731807606033,3.912707695822327,5,30,75,17,1,NVDA
25,-1000000000.0,1.879476878961583,17,9,71,1.2461187286760684,4.372207200068845,33,28,65,26,2,NVDA
26,-1000000000.0,2.1732825004482916,29,29,64,2.7819815490857343,5.478981123547508,16,26,71,20,0,NVDA
27,2.3861674053604496,1.6268447425419612,12,6,52,2.4585376126092173,5.228391906974748,13,22,79,22,5,NVDA
28,-1000000000.0,1.8255762857458708,14,15,94,2.089475950845842,2.2797491987465293,11,39,64,14,3,NVDA
29,-1000000000.0,2.0298683777538877,18,29,23,1.9759228893676897,5.968524301709421,24,20,67,22,1,NVDA
30,-1000000000.0,2.525959517263897,19,26,66,1.2403231095042182,1.9340813252624254,18,26,66,21,0,NVDA
31,-1000000000.0,2.387502643131522,11,28,24,2.8280771742206037,2.9557853083530525,21,24,68,11,0,NVDA
32,-1000000000.0,2.2286377500437657,22,23,10,3.0656944967356643,5.308388166501576,11,20,65,10,1,NVDA
33,-1000000000.0,2.0123711392907118,28,20,20,3.380345724809779,1.349259878792651,6,21,75,8,0,NVDA
34,-1000000000.0,2.279067532280054,15,29,25,2.288490767692829,3.4935028917269686,28,20,69,21,0,NVDA
35,-1000000000.0,2.2997615661039736,12,28,12,2.4697409450334393,3.779920820328778,29,21,65,15,0,NVDA
36,-1000000000.0,2.1226020032492112,26,23,10,3.1706349896137787,3.8117423807110433,7,21,79,16,0,NVDA
37,-1000000000.0,2.0825223113367515,21,28,20,2.7555041072007613,2.823360924795153,8,21,68,10,0,NVDA
38,-1000000000.0,1.849346824064452,11,28,12,3.219305974828025,1.2421936658996608,9,25,69,7,4,NVDA
39,-1000000000.0,2.243553680929282,12,23,29,2.986590213371393,2.223607098530656,10,21,66,9,1,NVDA
40,-1000000000.0,2.160836611806425,15,22,33,3.0511359686300095,3.8348985333395396,13,21,72,10,1,NVDA
41,-1000000000.0,2.1128660835111175,10,28,20,1.8450822535197506,3.008535494718945,25,20,68,14,0,NVDA
42,-1000000000.0,2.118224762409941,29,23,25,3.3327265287423717,2.3348069316725693,8,23,67,9,1,NVDA
43,-1000000000.0,2.2138906671942746,24,26,19,2.4354297757123007,3.294107628460242,9,22,66,10,1,NVDA
44,-1000000000.0,2.1965821802335075,34,23,30,3.1177229965792455,3.9245887245533715,8,21,71,7,1,NVDA
45,-1000000000.0,2.2526330518516504,21,24,10,3.6132699351321405,1.371524058449997,8,24,65,7,1,NVDA
46,-1000000000.0,2.558957405164078,12,24,10,3.0922316395160565,2.820480397395474,11,22,77,10,0,NVDA
47,-1000000000.0,1.7629882648706048,15,27,12,3.0865787617375777,4.4802868132413245,9,22,61,7,3,NVDA
48,-1000000000.0,2.255000880930741,14,30,30,2.623159695401138,2.4926526884540685,33,23,69,24,0,NVDA
49,-1000000000.0,2.4984976807630566,13,23,27,3.171476864055721,4.425328012587098,12,22,60,7,1,NVDA
50,-1000000000.0,2.3277879793538165,13,25,32,1.612503580016162,2.6173922879867773,33,23,70,23,0,NVDA
51,-1000000000.0,2.5127772327726547,28,19,63,2.5643680991384294,2.7710815731113323,32,33,65,9,0,NVDA
52,-1000000000.0,2.0868534379051376,14,26,12,2.093560693009287,2.8134732578418364,21,23,69,13,2,NVDA
53,-1000000000.0,2.468808292487641,31,19,55,2.696327595987839,2.827805935565235,30,31,69,7,2,NVDA
54,-1000000000.0,2.2226811986474804,24,25,16,3.081353415216241,3.6537034996108986,8,20,73,8,0,NVDA
55,-1000000000.0,2.2467503114818688,19,27,12,2.637030955140468,2.904395141172016,9,22,79,8,0,NVDA
56,-1000000000.0,2.224460574031139,12,30,10,1.9531588821636958,2.6613582101752797,28,24,69,19,0,NVDA
57,-1000000000.0,2.8562434530115413,17,28,20,2.987588793342592,2.851736182632563,9,22,77,7,0,NVDA
58,-1000000000.0,2.718960905032449,13,24,17,2.804476136141722,3.0856270908312133,9,22,70,7,1,NVDA
59,-1000000000.0,2.1059074959754955,23,23,15,2.510803961098959,3.123531334430248,5,21,75,8,0,NVDA
60,-1000000000.0,2.7203547205365473,28,20,71,1.7066471818527595,2.914004269652782,17,30,66,26,0,NVDA
61,1.54493772064899,1.5040337636556,12,22,96,2.4653044199174614,2.919307958366165,8,26,80,27,5,NVDA
62,-1000000000.0,2.241572048087307,13,29,32,2.081926410069797,2.77650603439166,32,20,71,14,0,NVDA
63,-1000000000.0,1.672909052549959,20,24,86,2.079545859781558,2.4851302099644195,11,21,78,25,2,NVDA
64,-1000000000.0,1.5255504364104797,19,25,87,2.2115372474812864,3.2395029323700517,16,23,80,26,2,NVDA
65,-1000000000.0,1.5131875756407023,14,27,100,2.964074812653721,2.649794188185889,5,26,80,26,4,NVDA
66,-1000000000.0,1.63552340641936,13,20,86,2.196222679236264,3.0464044145379643,7,22,78,25,4,NVDA
67,-1000000000.0,2.50668749318762,28,23,64,1.6015562188513952,1.3620217394910799,17,24,64,25,0,NVDA
68,-1000000000.0,1.5404599000976116,14,20,96,2.673299131566906,2.9004759459002405,7,29,80,26,4,NVDA
69,-1000000000.0,1.65195029739388,13,20,88,2.402849935600648,3.0010942418141053,15,21,78,27,3,NVDA
70,-1000000000.0,1.6420029776602791,16,22,88,2.5868205552876415,2.9887770261561633,13,32,79,26,2,NVDA
71,-1000000000.0,1.6262690516325136,12,22,85,2.8779176724108626,2.9294257174215446,9,26,79,28,4,NVDA
72,-1000000000.0,1.5996559679771023,13,22,90,2.3693916491316513,2.1983588529166584,5,31,76,25,4,NVDA
73,-1000000000.0,1.5883178647318927,13,23,96,2.50077967227649,3.2778249497753973,7,28,80,27,4,NVDA
74,-1000000000.0,2.438626225427663,24,23,13,2.952026880639894,2.6545801967369655,11,21,68,8,1,NVDA
75,-1000000000.0,1.763578946420538,12,22,89,2.508020577973893,2.0317822258736555,9,27,79,28,3,NVDA
76,0.7642407397106881,1.5715565489253889,10,26,88,2.606074997926118,2.8371774178278586,5,26,80,28,6,NVDA
77,0.35277372453890876,1.6709813859262324,12,29,90,2.5628184121144675,2.911295995531333,7,26,78,27,5,NVDA
78,-1000000000.0,1.8125668824747618,15,30,100,2.3195890988632883,2.522789129323007,7,25,75,26,3,NVDA
79,-1000000000.0,1.6303645206522817,13,24,89,2.6863872231712844,2.5414419962111303,8,24,79,28,4,NVDA
80,0.8526266796147225,1.6442323097026939,10,30,99,2.3897554209047365,3.034609400437848,8,27,80,26,5,NVDA
81,0.9931016337038323,1.6315447013959914,12,28,83,3.176548433165952,2.4119404117527607,5,26,80,28,5,NVDA
82,-1000000000.0,1.6038219836504075,13,24,88,2.6207176221787813,3.3577980905259226,5,24,78,28,4,NVDA
83,0.010444358837640645,1.6735196825642182,10,30,82,2.867292577196243,3.1693404934982277,6,26,79,26,5,NVDA
84,-1000000000.0,1.7111481406808386,14,30,91,2.186641764818921,2.820789622300493,7,27,80,24,4,NVDA
85,1.6932847276615666,1.5452611353022212,10,26,83,2.501361591155119,3.011356902616333,7,29,79,28,6,NVDA
86,0.1722259130954046,1.6265665253851538,10,25,92,2.900811793689794,2.5895651545306544,7,27,79,28,5,NVDA
87,-1000000000.0,1.7867114318565582,13,26,85,2.363579521612703,2.9420530678019943,6,27,80,27,4,NVDA
88,1.2401348519040407,1.5431830114916583,11,29,87,3.0838001524683403,2.6105643148631463,8,27,80,27,5,NVDA
89,1.7624279454086422,1.7115416145365974,11,29,91,3.385283142266464,2.943553179072076,6,26,80,27,5,NVDA
90,-1000000000.0,1.5437560420824596,13,29,84,2.9052509114725797,2.7644147584673644,6,27,79,25,4,NVDA
91,0.9520193332049819,1.602541447345758,11,30,82,3.281157642613279,2.310342776940747,5,28,79,27,5,NVDA
92,0.4566154413060989,1.6640575720842528,12,28,90,2.492417806169871,2.9720392806588816,7,27,79,27,5,NVDA
93,-0.18323268142328933,1.640439659632659,12,28,85,3.193033971646384,1.8582758419053795,7,26,80,27,5,NVDA
94,0.9123293454517031,1.663504636373806,10,30,85,3.581870305737898,2.844040785375992,5,25,80,27,6,NVDA
95,-1000000000.0,1.5791545009089532,12,30,91,2.7014225914892207,2.7261643977594643,9,28,80,27,4,NVDA
96,0.5226796347857794,1.677689762473872,12,29,94,3.5525749865790925,3.012866742414793,7,24,80,27,5,NVDA
97,-1000000000.0,1.6358616446037542,13,30,91,3.1812664769822914,2.1128835132345003,8,26,79,27,4,NVDA
98,-1000000000.0,1.700824602705744,12,27,82,3.0789244129819204,2.786654739455236,9,27,80,27,4,NVDA
99,-0.03866765017862103,1.709202349931958,10,23,93,3.0636982156353705,3.055574499630669,6,26,80,28,5,NVDA
